<?xml version="1.0" encoding="UTF-8"?>
<testsuite xmlns:xsi="http://www.w3.org/2001/XMLSchema-instance" xsi:noNamespaceSchemaLocation="https://maven.apache.org/surefire/maven-surefire-plugin/xsd/surefire-test-report.xsd" name="com.zm.AppTest" time="0.349" tests="1" errors="0" skipped="0" failures="0">
  <properties>
    <property name="sun.desktop" value="windows"/>
    <property name="awt.toolkit" value="sun.awt.windows.WToolkit"/>
    <property name="file.encoding.pkg" value="sun.io"/>
    <property name="java.specification.version" value="1.8"/>
    <property name="sun.cpu.isalist" value="amd64"/>
    <property name="sun.jnu.encoding" value="GBK"/>
    <property name="java.class.path" value="F:\idealworkspace\spring-cloud\micoreservicecloud\micoreservicecloud-api\target\test-classes;F:\idealworkspace\spring-cloud\micoreservicecloud\micoreservicecloud-api\target\classes;F:\软件\Maven\repository\org\projectlombok\lombok\1.16.18\lombok-1.16.18.jar;F:\软件\Maven\repository\org\springframework\cloud\spring-cloud-starter-feign\1.3.1.RELEASE\spring-cloud-starter-feign-1.3.1.RELEASE.jar;F:\软件\Maven\repository\org\springframework\cloud\spring-cloud-starter\1.2.2.RELEASE\spring-cloud-starter-1.2.2.RELEASE.jar;F:\软件\Maven\repository\org\springframework\boot\spring-boot-starter\1.5.9.RELEASE\spring-boot-starter-1.5.9.RELEASE.jar;F:\软件\Maven\repository\org\springframework\boot\spring-boot-starter-logging\1.5.9.RELEASE\spring-boot-starter-logging-1.5.9.RELEASE.jar;F:\软件\Maven\repository\ch\qos\logback\logback-classic\1.1.11\logback-classic-1.1.11.jar;F:\软件\Maven\repository\ch\qos\logback\logback-core\1.2.3\logback-core-1.2.3.jar;F:\软件\Maven\repository\org\slf4j\jcl-over-slf4j\1.7.25\jcl-over-slf4j-1.7.25.jar;F:\软件\Maven\repository\org\slf4j\jul-to-slf4j\1.7.25\jul-to-slf4j-1.7.25.jar;F:\软件\Maven\repository\org\slf4j\log4j-over-slf4j\1.7.25\log4j-over-slf4j-1.7.25.jar;F:\软件\Maven\repository\org\yaml\snakeyaml\1.17\snakeyaml-1.17.jar;F:\软件\Maven\repository\org\springframework\cloud\spring-cloud-context\1.2.2.RELEASE\spring-cloud-context-1.2.2.RELEASE.jar;F:\软件\Maven\repository\org\springframework\security\spring-security-rsa\1.0.3.RELEASE\spring-security-rsa-1.0.3.RELEASE.jar;F:\软件\Maven\repository\org\bouncycastle\bcpkix-jdk15on\1.55\bcpkix-jdk15on-1.55.jar;F:\软件\Maven\repository\org\bouncycastle\bcprov-jdk15on\1.55\bcprov-jdk15on-1.55.jar;F:\软件\Maven\repository\org\springframework\cloud\spring-cloud-netflix-core\1.3.1.RELEASE\spring-cloud-netflix-core-1.3.1.RELEASE.jar;F:\软件\Maven\repository\org\springframework\boot\spring-boot\1.5.9.RELEASE\spring-boot-1.5.9.RELEASE.jar;F:\软件\Maven\repository\org\springframework\boot\spring-boot-autoconfigure\1.5.9.RELEASE\spring-boot-autoconfigure-1.5.9.RELEASE.jar;F:\软件\Maven\repository\org\springframework\spring-web\4.3.13.RELEASE\spring-web-4.3.13.RELEASE.jar;F:\软件\Maven\repository\org\springframework\spring-aop\4.3.13.RELEASE\spring-aop-4.3.13.RELEASE.jar;F:\软件\Maven\repository\org\springframework\spring-beans\4.3.13.RELEASE\spring-beans-4.3.13.RELEASE.jar;F:\软件\Maven\repository\org\springframework\spring-context\4.3.13.RELEASE\spring-context-4.3.13.RELEASE.jar;F:\软件\Maven\repository\org\springframework\spring-expression\4.3.13.RELEASE\spring-expression-4.3.13.RELEASE.jar;F:\软件\Maven\repository\org\springframework\spring-core\4.3.13.RELEASE\spring-core-4.3.13.RELEASE.jar;F:\软件\Maven\repository\commons-logging\commons-logging\1.2\commons-logging-1.2.jar;F:\软件\Maven\repository\org\springframework\cloud\spring-cloud-commons\1.2.2.RELEASE\spring-cloud-commons-1.2.2.RELEASE.jar;F:\软件\Maven\repository\org\springframework\security\spring-security-crypto\4.2.3.RELEASE\spring-security-crypto-4.2.3.RELEASE.jar;F:\软件\Maven\repository\io\github\openfeign\feign-core\9.5.0\feign-core-9.5.0.jar;F:\软件\Maven\repository\org\jvnet\animal-sniffer-annotation\1.0\animal-sniffer-annotation-1.0.jar;F:\软件\Maven\repository\io\github\openfeign\feign-slf4j\9.5.0\feign-slf4j-9.5.0.jar;F:\软件\Maven\repository\org\slf4j\slf4j-api\1.7.25\slf4j-api-1.7.25.jar;F:\软件\Maven\repository\io\github\openfeign\feign-hystrix\9.5.0\feign-hystrix-9.5.0.jar;F:\软件\Maven\repository\com\netflix\archaius\archaius-core\0.7.4\archaius-core-0.7.4.jar;F:\软件\Maven\repository\com\google\code\findbugs\jsr305\3.0.1\jsr305-3.0.1.jar;F:\软件\Maven\repository\com\netflix\hystrix\hystrix-core\1.5.12\hystrix-core-1.5.12.jar;F:\软件\Maven\repository\org\hdrhistogram\HdrHistogram\2.1.9\HdrHistogram-2.1.9.jar;F:\软件\Maven\repository\org\springframework\cloud\spring-cloud-starter-ribbon\1.3.1.RELEASE\spring-cloud-starter-ribbon-1.3.1.RELEASE.jar;F:\软件\Maven\repository\com\netflix\ribbon\ribbon\2.2.2\ribbon-2.2.2.jar;F:\软件\Maven\repository\com\netflix\ribbon\ribbon-transport\2.2.2\ribbon-transport-2.2.2.jar;F:\软件\Maven\repository\io\reactivex\rxnetty-contexts\0.4.9\rxnetty-contexts-0.4.9.jar;F:\软件\Maven\repository\io\reactivex\rxnetty-servo\0.4.9\rxnetty-servo-0.4.9.jar;F:\软件\Maven\repository\javax\inject\javax.inject\1\javax.inject-1.jar;F:\软件\Maven\repository\io\reactivex\rxnetty\0.4.9\rxnetty-0.4.9.jar;F:\软件\Maven\repository\io\netty\netty-codec-http\4.0.27.Final\netty-codec-http-4.0.27.Final.jar;F:\软件\Maven\repository\io\netty\netty-codec\4.0.27.Final\netty-codec-4.0.27.Final.jar;F:\软件\Maven\repository\io\netty\netty-handler\4.0.27.Final\netty-handler-4.0.27.Final.jar;F:\软件\Maven\repository\io\netty\netty-transport-native-epoll\4.0.27.Final\netty-transport-native-epoll-4.0.27.Final.jar;F:\软件\Maven\repository\io\netty\netty-common\4.0.27.Final\netty-common-4.0.27.Final.jar;F:\软件\Maven\repository\io\netty\netty-buffer\4.0.27.Final\netty-buffer-4.0.27.Final.jar;F:\软件\Maven\repository\io\netty\netty-transport\4.0.27.Final\netty-transport-4.0.27.Final.jar;F:\软件\Maven\repository\com\netflix\ribbon\ribbon-core\2.2.2\ribbon-core-2.2.2.jar;F:\软件\Maven\repository\commons-lang\commons-lang\2.6\commons-lang-2.6.jar;F:\软件\Maven\repository\com\netflix\ribbon\ribbon-httpclient\2.2.2\ribbon-httpclient-2.2.2.jar;F:\软件\Maven\repository\commons-collections\commons-collections\3.2.2\commons-collections-3.2.2.jar;F:\软件\Maven\repository\org\apache\httpcomponents\httpclient\4.5.3\httpclient-4.5.3.jar;F:\软件\Maven\repository\org\apache\httpcomponents\httpcore\4.4.8\httpcore-4.4.8.jar;F:\软件\Maven\repository\commons-codec\commons-codec\1.10\commons-codec-1.10.jar;F:\软件\Maven\repository\com\sun\jersey\jersey-client\1.19.1\jersey-client-1.19.1.jar;F:\软件\Maven\repository\com\sun\jersey\jersey-core\1.19.1\jersey-core-1.19.1.jar;F:\软件\Maven\repository\javax\ws\rs\jsr311-api\1.1.1\jsr311-api-1.1.1.jar;F:\软件\Maven\repository\com\sun\jersey\contribs\jersey-apache-client4\1.19.1\jersey-apache-client4-1.19.1.jar;F:\软件\Maven\repository\com\netflix\servo\servo-core\0.10.1\servo-core-0.10.1.jar;F:\软件\Maven\repository\com\netflix\servo\servo-internal\0.10.1\servo-internal-0.10.1.jar;F:\软件\Maven\repository\com\netflix\netflix-commons\netflix-commons-util\0.1.1\netflix-commons-util-0.1.1.jar;F:\软件\Maven\repository\com\netflix\ribbon\ribbon-loadbalancer\2.2.2\ribbon-loadbalancer-2.2.2.jar;F:\软件\Maven\repository\com\netflix\netflix-commons\netflix-statistics\0.1.1\netflix-statistics-0.1.1.jar;F:\软件\Maven\repository\io\reactivex\rxjava\1.1.10\rxjava-1.1.10.jar;F:\软件\Maven\repository\org\springframework\cloud\spring-cloud-starter-archaius\1.3.1.RELEASE\spring-cloud-starter-archaius-1.3.1.RELEASE.jar;F:\软件\Maven\repository\commons-configuration\commons-configuration\1.8\commons-configuration-1.8.jar;F:\软件\Maven\repository\com\fasterxml\jackson\core\jackson-annotations\2.8.0\jackson-annotations-2.8.0.jar;F:\软件\Maven\repository\com\fasterxml\jackson\core\jackson-core\2.8.10\jackson-core-2.8.10.jar;F:\软件\Maven\repository\com\fasterxml\jackson\core\jackson-databind\2.8.10\jackson-databind-2.8.10.jar;F:\软件\Maven\repository\com\google\guava\guava\18.0\guava-18.0.jar;F:\软件\Maven\repository\junit\junit\4.12\junit-4.12.jar;F:\软件\Maven\repository\org\hamcrest\hamcrest-core\1.3\hamcrest-core-1.3.jar;"/>
    <property name="java.vm.vendor" value="Oracle Corporation"/>
    <property name="sun.arch.data.model" value="64"/>
    <property name="user.variant" value=""/>
    <property name="java.vendor.url" value="http://java.oracle.com/"/>
    <property name="user.timezone" value=""/>
    <property name="java.vm.specification.version" value="1.8"/>
    <property name="os.name" value="Windows 7"/>
    <property name="user.country" value="CN"/>
    <property name="sun.java.launcher" value="SUN_STANDARD"/>
    <property name="sun.boot.library.path" value="C:\Program Files\Java\jdk1.8.0_60\jre\bin"/>
    <property name="sun.java.command" value="C:\Users\LENOVO\AppData\Local\Temp\surefire4157872622515448102\surefirebooter7657376041441448551.jar C:\Users\LENOVO\AppData\Local\Temp\surefire4157872622515448102 2018-06-01T00-04-55_013-jvmRun1 surefire4986203891158429529tmp surefire_04299364944902492807tmp"/>
    <property name="surefire.test.class.path" value="F:\idealworkspace\spring-cloud\micoreservicecloud\micoreservicecloud-api\target\test-classes;F:\idealworkspace\spring-cloud\micoreservicecloud\micoreservicecloud-api\target\classes;F:\软件\Maven\repository\org\projectlombok\lombok\1.16.18\lombok-1.16.18.jar;F:\软件\Maven\repository\org\springframework\cloud\spring-cloud-starter-feign\1.3.1.RELEASE\spring-cloud-starter-feign-1.3.1.RELEASE.jar;F:\软件\Maven\repository\org\springframework\cloud\spring-cloud-starter\1.2.2.RELEASE\spring-cloud-starter-1.2.2.RELEASE.jar;F:\软件\Maven\repository\org\springframework\boot\spring-boot-starter\1.5.9.RELEASE\spring-boot-starter-1.5.9.RELEASE.jar;F:\软件\Maven\repository\org\springframework\boot\spring-boot-starter-logging\1.5.9.RELEASE\spring-boot-starter-logging-1.5.9.RELEASE.jar;F:\软件\Maven\repository\ch\qos\logback\logback-classic\1.1.11\logback-classic-1.1.11.jar;F:\软件\Maven\repository\ch\qos\logback\logback-core\1.2.3\logback-core-1.2.3.jar;F:\软件\Maven\repository\org\slf4j\jcl-over-slf4j\1.7.25\jcl-over-slf4j-1.7.25.jar;F:\软件\Maven\repository\org\slf4j\jul-to-slf4j\1.7.25\jul-to-slf4j-1.7.25.jar;F:\软件\Maven\repository\org\slf4j\log4j-over-slf4j\1.7.25\log4j-over-slf4j-1.7.25.jar;F:\软件\Maven\repository\org\yaml\snakeyaml\1.17\snakeyaml-1.17.jar;F:\软件\Maven\repository\org\springframework\cloud\spring-cloud-context\1.2.2.RELEASE\spring-cloud-context-1.2.2.RELEASE.jar;F:\软件\Maven\repository\org\springframework\security\spring-security-rsa\1.0.3.RELEASE\spring-security-rsa-1.0.3.RELEASE.jar;F:\软件\Maven\repository\org\bouncycastle\bcpkix-jdk15on\1.55\bcpkix-jdk15on-1.55.jar;F:\软件\Maven\repository\org\bouncycastle\bcprov-jdk15on\1.55\bcprov-jdk15on-1.55.jar;F:\软件\Maven\repository\org\springframework\cloud\spring-cloud-netflix-core\1.3.1.RELEASE\spring-cloud-netflix-core-1.3.1.RELEASE.jar;F:\软件\Maven\repository\org\springframework\boot\spring-boot\1.5.9.RELEASE\spring-boot-1.5.9.RELEASE.jar;F:\软件\Maven\repository\org\springframework\boot\spring-boot-autoconfigure\1.5.9.RELEASE\spring-boot-autoconfigure-1.5.9.RELEASE.jar;F:\软件\Maven\repository\org\springframework\spring-web\4.3.13.RELEASE\spring-web-4.3.13.RELEASE.jar;F:\软件\Maven\repository\org\springframework\spring-aop\4.3.13.RELEASE\spring-aop-4.3.13.RELEASE.jar;F:\软件\Maven\repository\org\springframework\spring-beans\4.3.13.RELEASE\spring-beans-4.3.13.RELEASE.jar;F:\软件\Maven\repository\org\springframework\spring-context\4.3.13.RELEASE\spring-context-4.3.13.RELEASE.jar;F:\软件\Maven\repository\org\springframework\spring-expression\4.3.13.RELEASE\spring-expression-4.3.13.RELEASE.jar;F:\软件\Maven\repository\org\springframework\spring-core\4.3.13.RELEASE\spring-core-4.3.13.RELEASE.jar;F:\软件\Maven\repository\commons-logging\commons-logging\1.2\commons-logging-1.2.jar;F:\软件\Maven\repository\org\springframework\cloud\spring-cloud-commons\1.2.2.RELEASE\spring-cloud-commons-1.2.2.RELEASE.jar;F:\软件\Maven\repository\org\springframework\security\spring-security-crypto\4.2.3.RELEASE\spring-security-crypto-4.2.3.RELEASE.jar;F:\软件\Maven\repository\io\github\openfeign\feign-core\9.5.0\feign-core-9.5.0.jar;F:\软件\Maven\repository\org\jvnet\animal-sniffer-annotation\1.0\animal-sniffer-annotation-1.0.jar;F:\软件\Maven\repository\io\github\openfeign\feign-slf4j\9.5.0\feign-slf4j-9.5.0.jar;F:\软件\Maven\repository\org\slf4j\slf4j-api\1.7.25\slf4j-api-1.7.25.jar;F:\软件\Maven\repository\io\github\openfeign\feign-hystrix\9.5.0\feign-hystrix-9.5.0.jar;F:\软件\Maven\repository\com\netflix\archaius\archaius-core\0.7.4\archaius-core-0.7.4.jar;F:\软件\Maven\repository\com\google\code\findbugs\jsr305\3.0.1\jsr305-3.0.1.jar;F:\软件\Maven\repository\com\netflix\hystrix\hystrix-core\1.5.12\hystrix-core-1.5.12.jar;F:\软件\Maven\repository\org\hdrhistogram\HdrHistogram\2.1.9\HdrHistogram-2.1.9.jar;F:\软件\Maven\repository\org\springframework\cloud\spring-cloud-starter-ribbon\1.3.1.RELEASE\spring-cloud-starter-ribbon-1.3.1.RELEASE.jar;F:\软件\Maven\repository\com\netflix\ribbon\ribbon\2.2.2\ribbon-2.2.2.jar;F:\软件\Maven\repository\com\netflix\ribbon\ribbon-transport\2.2.2\ribbon-transport-2.2.2.jar;F:\软件\Maven\repository\io\reactivex\rxnetty-contexts\0.4.9\rxnetty-contexts-0.4.9.jar;F:\软件\Maven\repository\io\reactivex\rxnetty-servo\0.4.9\rxnetty-servo-0.4.9.jar;F:\软件\Maven\repository\javax\inject\javax.inject\1\javax.inject-1.jar;F:\软件\Maven\repository\io\reactivex\rxnetty\0.4.9\rxnetty-0.4.9.jar;F:\软件\Maven\repository\io\netty\netty-codec-http\4.0.27.Final\netty-codec-http-4.0.27.Final.jar;F:\软件\Maven\repository\io\netty\netty-codec\4.0.27.Final\netty-codec-4.0.27.Final.jar;F:\软件\Maven\repository\io\netty\netty-handler\4.0.27.Final\netty-handler-4.0.27.Final.jar;F:\软件\Maven\repository\io\netty\netty-transport-native-epoll\4.0.27.Final\netty-transport-native-epoll-4.0.27.Final.jar;F:\软件\Maven\repository\io\netty\netty-common\4.0.27.Final\netty-common-4.0.27.Final.jar;F:\软件\Maven\repository\io\netty\netty-buffer\4.0.27.Final\netty-buffer-4.0.27.Final.jar;F:\软件\Maven\repository\io\netty\netty-transport\4.0.27.Final\netty-transport-4.0.27.Final.jar;F:\软件\Maven\repository\com\netflix\ribbon\ribbon-core\2.2.2\ribbon-core-2.2.2.jar;F:\软件\Maven\repository\commons-lang\commons-lang\2.6\commons-lang-2.6.jar;F:\软件\Maven\repository\com\netflix\ribbon\ribbon-httpclient\2.2.2\ribbon-httpclient-2.2.2.jar;F:\软件\Maven\repository\commons-collections\commons-collections\3.2.2\commons-collections-3.2.2.jar;F:\软件\Maven\repository\org\apache\httpcomponents\httpclient\4.5.3\httpclient-4.5.3.jar;F:\软件\Maven\repository\org\apache\httpcomponents\httpcore\4.4.8\httpcore-4.4.8.jar;F:\软件\Maven\repository\commons-codec\commons-codec\1.10\commons-codec-1.10.jar;F:\软件\Maven\repository\com\sun\jersey\jersey-client\1.19.1\jersey-client-1.19.1.jar;F:\软件\Maven\repository\com\sun\jersey\jersey-core\1.19.1\jersey-core-1.19.1.jar;F:\软件\Maven\repository\javax\ws\rs\jsr311-api\1.1.1\jsr311-api-1.1.1.jar;F:\软件\Maven\repository\com\sun\jersey\contribs\jersey-apache-client4\1.19.1\jersey-apache-client4-1.19.1.jar;F:\软件\Maven\repository\com\netflix\servo\servo-core\0.10.1\servo-core-0.10.1.jar;F:\软件\Maven\repository\com\netflix\servo\servo-internal\0.10.1\servo-internal-0.10.1.jar;F:\软件\Maven\repository\com\netflix\netflix-commons\netflix-commons-util\0.1.1\netflix-commons-util-0.1.1.jar;F:\软件\Maven\repository\com\netflix\ribbon\ribbon-loadbalancer\2.2.2\ribbon-loadbalancer-2.2.2.jar;F:\软件\Maven\repository\com\netflix\netflix-commons\netflix-statistics\0.1.1\netflix-statistics-0.1.1.jar;F:\软件\Maven\repository\io\reactivex\rxjava\1.1.10\rxjava-1.1.10.jar;F:\软件\Maven\repository\org\springframework\cloud\spring-cloud-starter-archaius\1.3.1.RELEASE\spring-cloud-starter-archaius-1.3.1.RELEASE.jar;F:\软件\Maven\repository\commons-configuration\commons-configuration\1.8\commons-configuration-1.8.jar;F:\软件\Maven\repository\com\fasterxml\jackson\core\jackson-annotations\2.8.0\jackson-annotations-2.8.0.jar;F:\软件\Maven\repository\com\fasterxml\jackson\core\jackson-core\2.8.10\jackson-core-2.8.10.jar;F:\软件\Maven\repository\com\fasterxml\jackson\core\jackson-databind\2.8.10\jackson-databind-2.8.10.jar;F:\软件\Maven\repository\com\google\guava\guava\18.0\guava-18.0.jar;F:\软件\Maven\repository\junit\junit\4.12\junit-4.12.jar;F:\软件\Maven\repository\org\hamcrest\hamcrest-core\1.3\hamcrest-core-1.3.jar;"/>
    <property name="sun.cpu.endian" value="little"/>
    <property name="user.home" value="C:\Users\LENOVO"/>
    <property name="user.language" value="zh"/>
    <property name="java.specification.vendor" value="Oracle Corporation"/>
    <property name="java.home" value="C:\Program Files\Java\jdk1.8.0_60\jre"/>
    <property name="basedir" value="F:\idealworkspace\spring-cloud\micoreservicecloud\micoreservicecloud-api"/>
    <property name="file.separator" value="\"/>
    <property name="line.separator" value="&#10;"/>
    <property name="java.vm.specification.vendor" value="Oracle Corporation"/>
    <property name="java.specification.name" value="Java Platform API Specification"/>
    <property name="java.awt.graphicsenv" value="sun.awt.Win32GraphicsEnvironment"/>
    <property name="surefire.real.class.path" value="C:\Users\LENOVO\AppData\Local\Temp\surefire4157872622515448102\surefirebooter7657376041441448551.jar"/>
    <property name="sun.boot.class.path" value="C:\Program Files\Java\jdk1.8.0_60\jre\lib\resources.jar;C:\Program Files\Java\jdk1.8.0_60\jre\lib\rt.jar;C:\Program Files\Java\jdk1.8.0_60\jre\lib\sunrsasign.jar;C:\Program Files\Java\jdk1.8.0_60\jre\lib\jsse.jar;C:\Program Files\Java\jdk1.8.0_60\jre\lib\jce.jar;C:\Program Files\Java\jdk1.8.0_60\jre\lib\charsets.jar;C:\Program Files\Java\jdk1.8.0_60\jre\lib\jfr.jar;C:\Program Files\Java\jdk1.8.0_60\jre\classes"/>
    <property name="user.script" value=""/>
    <property name="sun.management.compiler" value="HotSpot 64-Bit Tiered Compilers"/>
    <property name="java.runtime.version" value="1.8.0_60-b27"/>
    <property name="user.name" value="LENOVO"/>
    <property name="path.separator" value=";"/>
    <property name="os.version" value="6.1"/>
    <property name="java.endorsed.dirs" value="C:\Program Files\Java\jdk1.8.0_60\jre\lib\endorsed"/>
    <property name="java.runtime.name" value="Java(TM) SE Runtime Environment"/>
    <property name="file.encoding" value="GBK"/>
    <property name="java.vm.name" value="Java HotSpot(TM) 64-Bit Server VM"/>
    <property name="localRepository" value="F:\软件\Maven\repository"/>
    <property name="java.vendor.url.bug" value="http://bugreport.sun.com/bugreport/"/>
    <property name="java.io.tmpdir" value="C:\Users\LENOVO\AppData\Local\Temp\"/>
    <property name="idea.version" value="2018.1.4"/>
    <property name="java.version" value="1.8.0_60"/>
    <property name="user.dir" value="F:\idealworkspace\spring-cloud\micoreservicecloud\micoreservicecloud-api"/>
    <property name="os.arch" value="amd64"/>
    <property name="java.vm.specification.name" value="Java Virtual Machine Specification"/>
    <property name="java.awt.printerjob" value="sun.awt.windows.WPrinterJob"/>
    <property name="sun.os.patch.level" value="Service Pack 1"/>
    <property name="java.library.path" value="C:\Program Files\Java\jdk1.8.0_60\jre\bin;C:\Windows\Sun\Java\bin;C:\Windows\system32;C:\Windows;C:\ProgramData\Oracle\Java\javapath;C:\Program Files\Java\jdk1.8.0_60\bin;C:\Program Files\Java\jdk1.8.0_60\jre\bin;C:\Program Files\MySQL\MySQL Utilities 1.6\;F:\instantclient_12_1;C:\Windows\system32;C:\Windows;C:\Windows\system32\wbem;C:\Program Files\MySQL\MySQL Server 5.7\bin;F:\软件\Maven\apache-maven-3.5.3\bin;F:\软件\SVN\安装客户端目录\bin;CProgram FilesVisualSVN Serverbin;C:\Program Files\VisualSVN Server\bin;F:;F:\软件\SecureFX\;."/>
    <property name="java.vm.info" value="mixed mode"/>
    <property name="java.vendor" value="Oracle Corporation"/>
    <property name="java.vm.version" value="25.60-b23"/>
    <property name="java.ext.dirs" value="C:\Program Files\Java\jdk1.8.0_60\jre\lib\ext;C:\Windows\Sun\Java\lib\ext"/>
    <property name="sun.io.unicode.encoding" value="UnicodeLittle"/>
    <property name="maven.repo.local" value="F:\软件\Maven\repository"/>
    <property name="java.class.version" value="52.0"/>
  </properties>
  <testcase name="shouldAnswerWithTrue" classname="com.zm.AppTest" time="0.001"/>
</testsuite>